<?xml version="1.0" encoding="UTF-8"?>
<!-- Generated by org.testng.reporters.JUnitXMLReporter -->
<testsuite hostname="VI-LLR9ZG2ZR" ignored="0" name="Test" tests="2" failures="1" timestamp="21 May 2017 13:46:35 GMT" time="3.365" errors="0">
  <testcase name="test_10" time="3.228" classname="APITesting.com.org.api.WheatherGetRequests">
    <failure type="java.lang.ClassCastException" message="java.lang.Float cannot be cast to [C">
      <![CDATA[java.lang.ClassCastException: java.lang.Float cannot be cast to [C
	at APITesting.com.org.api.WheatherGetRequests.test_10(WheatherGetRequests.java:221)
... Removed 25 stack frames]]>
    </failure>
  </testcase> <!-- test_10 -->
  <testcase name="test_10" time="0.076" classname="APITesting.com.org.api.JasonServerResquests"/>
</testsuite> <!-- Test -->
