<?xml version="1.0" encoding="UTF-8"?>
<testng-results skipped="0" failed="1" ignored="0" total="2" passed="1">
  <reporter-output>
  </reporter-output>
  <suite name="Suite" duration-ms="3365" started-at="2017-05-21T13:46:32Z" finished-at="2017-05-21T13:46:35Z">
    <groups>
    </groups>
    <test name="Test" duration-ms="3365" started-at="2017-05-21T13:46:32Z" finished-at="2017-05-21T13:46:35Z">
      <class name="APITesting.com.org.api.WheatherGetRequests">
        <test-method status="FAIL" signature="test_10()[pri:0, instance:APITesting.com.org.api.WheatherGetRequests@4501b7af]" name="test_10" duration-ms="3228" started-at="2017-05-21T14:46:32Z" finished-at="2017-05-21T14:46:35Z">
          <exception class="java.lang.ClassCastException">
            <message>
              <![CDATA[java.lang.Float cannot be cast to [C]]>
            </message>
            <full-stacktrace>
              <![CDATA[java.lang.ClassCastException: java.lang.Float cannot be cast to [C
	at APITesting.com.org.api.WheatherGetRequests.test_10(WheatherGetRequests.java:221)
	at sun.reflect.NativeMethodAccessorImpl.invoke0(Native Method)
	at sun.reflect.NativeMethodAccessorImpl.invoke(Unknown Source)
	at sun.reflect.DelegatingMethodAccessorImpl.invoke(Unknown Source)
	at java.lang.reflect.Method.invoke(Unknown Source)
	at org.testng.internal.MethodInvocationHelper.invokeMethod(MethodInvocationHelper.java:108)
	at org.testng.internal.Invoker.invokeMethod(Invoker.java:661)
	at org.testng.internal.Invoker.invokeTestMethod(Invoker.java:869)
	at org.testng.internal.Invoker.invokeTestMethods(Invoker.java:1193)
	at org.testng.internal.TestMethodWorker.invokeTestMethods(TestMethodWorker.java:126)
	at org.testng.internal.TestMethodWorker.run(TestMethodWorker.java:109)
	at org.testng.TestRunner.privateRun(TestRunner.java:744)
	at org.testng.TestRunner.run(TestRunner.java:602)
	at org.testng.SuiteRunner.runTest(SuiteRunner.java:380)
	at org.testng.SuiteRunner.runSequentially(SuiteRunner.java:375)
	at org.testng.SuiteRunner.privateRun(SuiteRunner.java:340)
	at org.testng.SuiteRunner.run(SuiteRunner.java:289)
	at org.testng.SuiteRunnerWorker.runSuite(SuiteRunnerWorker.java:52)
	at org.testng.SuiteRunnerWorker.run(SuiteRunnerWorker.java:86)
	at org.testng.TestNG.runSuitesSequentially(TestNG.java:1301)
	at org.testng.TestNG.runSuitesLocally(TestNG.java:1226)
	at org.testng.TestNG.runSuites(TestNG.java:1144)
	at org.testng.TestNG.run(TestNG.java:1115)
	at org.testng.remote.AbstractRemoteTestNG.run(AbstractRemoteTestNG.java:132)
	at org.testng.remote.RemoteTestNG.initAndRun(RemoteTestNG.java:230)
	at org.testng.remote.RemoteTestNG.main(RemoteTestNG.java:76)
]]>
            </full-stacktrace>
          </exception> <!-- java.lang.ClassCastException -->
          <reporter-output>
          </reporter-output>
        </test-method> <!-- test_10 -->
      </class> <!-- APITesting.com.org.api.WheatherGetRequests -->
      <class name="APITesting.com.org.api.JasonServerResquests">
        <test-method status="PASS" signature="test_10()[pri:0, instance:APITesting.com.org.api.JasonServerResquests@61832929]" name="test_10" duration-ms="76" started-at="2017-05-21T14:46:35Z" finished-at="2017-05-21T14:46:35Z">
          <reporter-output>
          </reporter-output>
        </test-method> <!-- test_10 -->
      </class> <!-- APITesting.com.org.api.JasonServerResquests -->
    </test> <!-- Test -->
  </suite> <!-- Suite -->
</testng-results>
